<?xml version="1.0" encoding="UTF-8"?>
<!-- Generated by org.testng.reporters.JUnitXMLReporter -->
<testsuite ignored="0" hostname="RANA" failures="0" tests="4" name="Test" time="163.093" errors="0" timestamp="2025-05-28T22:19:58 IST">
  <testcase classname="com.orangehrms.testscript.LoginPageTest" name="doFailedLogin" time="8.144"/>
  <testcase classname="com.orangehrms.testscript.LoginPageTest" name="doLogin" time="2.882"/>
  <testcase classname="com.orangehrms.testscript.LoginPageTest" name="doLogout" time="2.683"/>
  <testcase classname="com.orangehrms.testscript.PIMPageTest" name="additionOfEmp" time="138.821"/>
</testsuite> <!-- Test -->
